CRITICAL - 2023-12-11 15:27:57 --> Invalid file: "home.php"
in SYSTEMPATH\Exceptions\FrameworkException.php on line 39.
 1 SYSTEMPATH\View\View.php(216): CodeIgniter\Exceptions\FrameworkException::forInvalidFile('home.php')
 2 SYSTEMPATH\Common.php(1190): CodeIgniter\View\View->render('home', [], true)
 3 APPPATH\Controllers\Home.php(9): view('home')
 4 SYSTEMPATH\CodeIgniter.php(942): App\Controllers\Home->index()
 5 SYSTEMPATH\CodeIgniter.php(502): CodeIgniter\CodeIgniter->runController(Object(App\Controllers\Home))
 6 SYSTEMPATH\CodeIgniter.php(361): CodeIgniter\CodeIgniter->handleRequest(null, Object(Config\Cache), false)
 7 FCPATH\index.php(79): CodeIgniter\CodeIgniter->run()
CRITICAL - 2023-12-11 15:28:03 --> Invalid file: "home.php"
in SYSTEMPATH\Exceptions\FrameworkException.php on line 39.
 1 SYSTEMPATH\View\View.php(216): CodeIgniter\Exceptions\FrameworkException::forInvalidFile('home.php')
 2 SYSTEMPATH\Common.php(1190): CodeIgniter\View\View->render('home', [], true)
 3 APPPATH\Controllers\Home.php(9): view('home')
 4 SYSTEMPATH\CodeIgniter.php(942): App\Controllers\Home->index()
 5 SYSTEMPATH\CodeIgniter.php(502): CodeIgniter\CodeIgniter->runController(Object(App\Controllers\Home))
 6 SYSTEMPATH\CodeIgniter.php(361): CodeIgniter\CodeIgniter->handleRequest(null, Object(Config\Cache), false)
 7 FCPATH\index.php(79): CodeIgniter\CodeIgniter->run()
CRITICAL - 2023-12-11 15:28:19 --> Invalid file: "home.php"
in SYSTEMPATH\Exceptions\FrameworkException.php on line 39.
 1 SYSTEMPATH\View\View.php(216): CodeIgniter\Exceptions\FrameworkException::forInvalidFile('home.php')
 2 SYSTEMPATH\Common.php(1190): CodeIgniter\View\View->render('home', [], true)
 3 APPPATH\Controllers\Home.php(9): view('home')
 4 SYSTEMPATH\CodeIgniter.php(942): App\Controllers\Home->index()
 5 SYSTEMPATH\CodeIgniter.php(502): CodeIgniter\CodeIgniter->runController(Object(App\Controllers\Home))
 6 SYSTEMPATH\CodeIgniter.php(361): CodeIgniter\CodeIgniter->handleRequest(null, Object(Config\Cache), false)
 7 FCPATH\index.php(79): CodeIgniter\CodeIgniter->run()
CRITICAL - 2023-12-11 23:01:54 --> Undefined variable $current_page
in APPPATH\Views\beranda.php on line 254.
 1 APPPATH\Views\beranda.php(254): CodeIgniter\Debug\Exceptions->errorHandler(2, 'Undefined variable $current_page', 'C:\\xampp2\\htdocs\\elearning\\app\\Views\\beranda.php', 254)
 2 SYSTEMPATH\View\View.php(228): include('C:\\xampp2\\htdocs\\elearning\\app\\Views\\beranda.php')
 3 SYSTEMPATH\View\View.php(231): CodeIgniter\View\View->CodeIgniter\View\{closure}()
 4 SYSTEMPATH\Common.php(1190): CodeIgniter\View\View->render('beranda', [], true)
 5 APPPATH\Controllers\Home.php(9): view('beranda')
 6 SYSTEMPATH\CodeIgniter.php(942): App\Controllers\Home->index()
 7 SYSTEMPATH\CodeIgniter.php(502): CodeIgniter\CodeIgniter->runController(Object(App\Controllers\Home))
 8 SYSTEMPATH\CodeIgniter.php(361): CodeIgniter\CodeIgniter->handleRequest(null, Object(Config\Cache), false)
 9 FCPATH\index.php(79): CodeIgniter\CodeIgniter->run()
CRITICAL - 2023-12-11 23:02:02 --> Undefined variable $current_page
in APPPATH\Views\beranda.php on line 254.
 1 APPPATH\Views\beranda.php(254): CodeIgniter\Debug\Exceptions->errorHandler(2, 'Undefined variable $current_page', 'C:\\xampp2\\htdocs\\elearning\\app\\Views\\beranda.php', 254)
 2 SYSTEMPATH\View\View.php(228): include('C:\\xampp2\\htdocs\\elearning\\app\\Views\\beranda.php')
 3 SYSTEMPATH\View\View.php(231): CodeIgniter\View\View->CodeIgniter\View\{closure}()
 4 SYSTEMPATH\Common.php(1190): CodeIgniter\View\View->render('beranda', [], true)
 5 APPPATH\Controllers\Home.php(9): view('beranda')
 6 SYSTEMPATH\CodeIgniter.php(942): App\Controllers\Home->index()
 7 SYSTEMPATH\CodeIgniter.php(502): CodeIgniter\CodeIgniter->runController(Object(App\Controllers\Home))
 8 SYSTEMPATH\CodeIgniter.php(361): CodeIgniter\CodeIgniter->handleRequest(null, Object(Config\Cache), false)
 9 FCPATH\index.php(79): CodeIgniter\CodeIgniter->run()
